28351086771
111290000381
197784091413
92217504635
2199550877
230616004545
270495556559
271344698033
66254075113
726477145
454825545
278130101429
94229380225
5509870557
77794711527
105275351747
3459951023
41091190023
186049970765
115781165255
106046528321
95575130819
103772148353
161483065665
50321052429
8715039623
156117841897
2017511985
288490599187
183388106481
197489011593
60057794369
277045647965
269574885371
117068454997
15240752897
528452035
10688554083
41198795907
185975414355
38087219979
60584692669
15619976475
3302709071
207284129
163711975505
53960469961
137954081969
78128559045
229230006303
25823133299
23075214913
31291405539
239737325169
22639895263
253736934899
226036425083
268324775223
245692189147
16406905187
1499410429
37733417887
5386340001
44957265935
29377386329
214980702245
272031818183
113478085921
67340470723
7944326073
62823036751
37716327507
9919182421
252149748959
238670325555
4833859983
6040892525
59393682077
272560502977
52975521487
230221450069
19929673859
75318302427
100240292967
42126965627
15195413035
131799511111
167128808617
32010951817
10648001155
8767245371
229961260505
31464083897
114935215637
318550665
37904884509
63869409473
92741805137
137470074959
7071470605
101820891171
281910799961
16763903909
59361564323
3948946795
3037818149
148012361841
71635457159
300529
4578616781
290139336019
53544663
11034594557
869493099
186738861681
224025477699
227927998025
141843207231
4894176743
30594003519
253725342509
154009183799
63156267991
1931884667
85078980465
113840119759
66913196973
129398713627
15110141831
179165403279
34477267
5141141745
81443777499
170156978067
6508422187
197902072373
5451161455
619151729
173496182493
231555384803
123948317625
42246088417
297651241471
182195238657
12939402821
99483463337
99681664751
30299493275
178782269961
13254341353
74845599253
56258376607
191844958085
289233918575
82521661891
831411337
61720895301
233354277605
79340254137
74963265505
41892983421
1784062035
234839560831
22753751089
275513734143
85800890891
483293431
58567437297
85273713329
39032600777
76007735451
124681781179
203884597169
256784035481
13003927223
66884253
246323481717
61201906013
127235746797
289782921303
104598118269
118931057211
102318392537
122913580859
60517331709
92451006887
16628495417
59299586527
30036454167
129569833577
27500176659
214440868209
90280123741
15202902377
6482338837
17224139831
22570946475
32277020767
27176137083
140191092553
215458309635
14187691351
31268405761
2727130291
302732101489
36035987759
159874626601
11296973621
225166282807
161834741205
4919142457
2491431803
241055118491
19047814163
4661272777
3425750391
16305275317
292055584565
51781471965
115218617577
19131927573
19566320813
110685407019
230428870457
201882602349
110914239759
269361254407
43588270601
150864863999
189772962261
118753789991
249476324591
80241514141
56946272557
9596644373
169796127029
224995684259
140932652461
276071490239
28937567145
8005855671
92141196925
79914114389
12317323317
21092957101
3436354527
199157846807
5752146807
255821689017
291332133273
6580180165
146181216295
55158088759
242468419125
114003072025
45494246755
61831499125
191451107183
163208305315
135286925597
107893643819
62347232031
140728034365
47585565437
256683160427
15591197307
89419532639
36491510723
141045959231
168427321267
82374480931
50305167123
165048836765
31239652639
55157892151
7479087333
138534564233
245687921453
32982098421
206233895
35334506695
20709853599
13257041941
39881044747
1515045735
152559786407
25968000695
13801444485
267218041515
129666787415
59843273205
52730661175
102688788573
28973805409
24902727521
5198159985
264132272181
47596459497
13957492663
201355513607
54916218239
272220651851
7478298263
71344416297
42983622449
269862772853
284543041237
182902857529
8481283835
75471928155
4461710637
77140679863
206613574615
11627636339
95286146311
7201534607
192982575523
170485789387
83084413369
66709197557
86204946069
122116666585
291054909775
154273347743
1997481903
18330149453
273264081909
28847961045
101479036861
2614864181
5167984349
169468087441
28497999799
20192992167
308853915
57067130009
104373525065
221141873401
17023586667
33129835933
11086369889
104591710619
163205457
5221606433
82543049275
10807644751
264955821337
15059219943
177421214611
18178113861
4625160815
193565115391
44947436351
133296293389
144805237787
57197894787
65110679
130542696841
6607775161
71109581201
167229640709
158146936117
42643348691
7394431425
23157053953
2611907873
85970772111
84256905723
178347824027
22297463459
95623628245
300414997027
48720181873
97996141883
18532855179
251557460591
14236348115
136438945579
119094044257
207073532925
241299283855
47400846235
95618041397
168780816213
37705051869
222537791625
233403230527
20009007275
4335609639
208529779219
294132962091
245323584425
144308540253
298926529
136428005967
49517031193
26609796807
19063470433
152992769729
30500992683
32170918805
179310095757
187966483613
36652180047
3295023049
3091771591
37064944669
224420679019
10747368149
1228984689
12445907711
191744359583
48406476141
129978297409
203476953685
11751493413
12667085109
170314225931
233667600687
36760995557
286459595149
65199736425
27828942709
42075515677
16366396207
299503034027
32352493811
67020950249
532624245
3714715021
154677418175
35487566799
158416304759
14249766613
10120316081
59668841693
39003717581
117948065093
43489032553
12384779781
573654141
160419344351
72553855681
250849963877
278114570851
168363409483
248031169273
46975105603
4218319661
160848233233
103860373689
128197643745
149587869691
124092046553
9053166025
239184919797
122609035937
70045504591
8654802109
248725163117
251925820163
301448525385
22620534529
116008533465
6141052661
118710504183
7491288225
64569529695
183745337511
33382341623
134688883781
297992947133
275502088157
19188170553
47892781969
147972529581
7299392157
140367744457
42998881553
19251204485
106141343349
288087240355
189251272199
32485845629
293362701373
36396401481
792090849
3028351961
725225885
207561011975
53267837927
284269320573
129895488331
25277859373
204532428743
71294704093
37483604223
118364241759
436757751
198600286639
57092569973
12156109
222846538311
70483976225
56303391389
36008811955
31469633219
296636821955
180314470057
26394398877
10918602671
51840174251
58186798765
29703275767
273413835783
9296704173
202098502829
225636231295
9973075595
166972755871
82505059671
1624432873
7723064107
168160944295
4583434393
25542278725
2631930433
470961673
12377086979
218325610963
247757293991
283419681971
12678344115
127235746797
7550148129
118696444153
5576714601
291894627689
75005042511
40567789399
258350491573
658311505
56577300445
10805829511
125458592283
101724621355
94779792293
105435491257
250648727239
5290022065
72156563407
250491288065
131111479759
2424075319
9856023227
199025855811
176793987729
109003324251
287525017855
199213932281
88183241959
150725326769
23798820769
18137669465
37125011315
151658521829
203343653289
184735978005
110403572023
4500165965
112125230597
263365393973
77369017877
69835572597
1826627465
199585189
22267437815
104924039567
94050737033
277709346531
602392963
1283283029
55543481979
170413875543
149311929463
85977795839
238489301413
10890713667
247147962231
249720480407
31677167973
60517883121
89312783233
295558769965
175596831529
438104497
199892874673
4360591793
48033099505
272789731683
70521449229
186851282547
227142123769
10208122069
11992213471
4326204043
24740002685
223176027941
176735588559
126959101815
263408620231
12361188501
222075761399
100870951541
38062703711
300047900075
68213934563
85409675415
292761039637
142207004719
121628041573
4397107101
154942727723
39679875303
179543577539
6127246707
205703363155
97739510529
79854638607
112068854711
47680739755
243815582071
99890805071
66054113939
187472140773
6104582991
211803174739
291527227179
5340671283
12685704771
3927171
7045560399
110230644445
161717733581
8950415165
98018349205
11382513111
64505558051
42501812211
142090415219
20211802525
61929026783
209000130709
17815398955
18429434931
85732206787
140189217459
148523487549
290648584101
50044312201
162921919707
243617524855
17087772509
53182956849
246381345519
95491977741
22428062441
271429949905
146068173383
167526685889
85668552687
5630069889
33489983053
9045701199
13739743219
6599799425
4921130423
13038936747
19809619837
802479541
12630619245
108355834909
28088925017
5433110365
24305359395
243914522017
178642893929
98138565893
85032023307
89720987747
14749384901
66771682929
254240343641
20487330853
4497702545
150191522811
135585608753
47828183047
3974719939
251227077293
15174658107
231135618133
99612916469
82737093001
14482681861
90912534151
47670059283
40216049289
25694001163
268225433079
19842220985
69595160023
12878469509
28684935371
102735416071
270474454797
162619378835
275191838003
254639532499
148265298401
31138814175
32749491695
102224521373
26880960207
66780813139
61017146195
258287955617
1230693995
56777953067
18371832359
2599113451
244691857405
189470159443
198903945591
85090967881
5386041
232293778299
272280362599
10177467605
47677858451
70055434599
105003387953
60661247233
224125693839
120904298557
4994485411
238813501057
51535540845
81382034521
42471695097
85476678917
122741945557
1210206879
137463001631
13646595961
272788490647
202787792839
36604198933
88231284781
118403310351
8359275979
60956621791
192299360105
24809550879
87946568479
65610976609
36268299063
156856703043
8832602469
48853816435
134755438389
190771338589
3821511583
179269785287
9303724381
240878671035
62614880567
3861538651
87760034001
234935770257
205291585801
250608303001
153660034261
271896363181
33461679175
236106897683
196000565641
201942560105
131487150951
192537032003
125006689025
193622611663
73228541943
130190026497
204646282369
7761065357
240442070611
21272698905
53005743093
21592789041
10430146455
26660521271
11812820181
50618947851
284062452515
15817911057
16681897493
6966871487
187105598469
1811463433
200103386443
35310354561
187092299925
27922831587
76245060103
272634991309
28177562635
14404818493
267259135421
645767623
108662308087
646094751
44430754827
5448246667
85916306919
265644147129
191981379
137115521931
26746581115
155388303507
106467035847
243419550873
37555721613
176449334795
150094952681
35993355909
77879847197
15301290535
93927062303
21421587667
55826677935
29505975325
53203735837
252178417791
2877140391
146610705929
212439199009
1165745135
44528179067
294080235963
56800909107
235437551053
64419456571
127864015
72057673073
70175595353
87279907315
56922446921
106960643357
9904708989
12625159769
94015319217
25988602035
74167183299
34332227147
1269752883
169457217199
237524324477
12760146453
201531920975
201777399463
25623739785
94479883723
18292875473
30605100047
203323930757
131477902539
171004076349
85457045905
51050073039
165600500621
175768283185
11609205253
214478613933
81150647209
202506130815
28118732713
270033116907
62259928477
185167766233
21161027381
71595322219
8889260373
11891994473
116427991403
26409132853
188334318893
59612788625
95270325275
6098928793
11724828697
123486873395
74837138117
124311252937
225222286787
37245388377
261429888505
28275864013
169277828081
132791296291
15442045495
68044454987
85060684149
204427157467
256623204495
11782423007
256864161899
174765681145
370903849
39880485931
109399343309
12378436705
40127941105
229882024599
85079540721
290144579715
183870543035
272110742103
193330732789
17548367507
162980577033
28621431943
105987552887
25016627117
140384786109
787817027
15787920705
213995846641
197097243459
118390922139
1038904741
37170916795
4950418625
40320100557
177808992631
154960962355
115279083
204898044907
146314649559
146780491707
216696765925
432379201
23530026129
9041929793
223541604815
87821669
3980065743
145807791099
167718681
3830526625
65832398161
34225312419
286513598403
23235361277
123961631
143686232743
190264846599
51267420465
691502199
67048464891
5162973469
73394934497
62427954051
224645550827
20872507391
189706288667
618548991
179282981385
35259100447
33741102591
140347612557
15915613013
2069434331
13046482655
53124609579
253195826761
184656408375
89435877465
76188430897
258216076711
163322460603
165007085797
118168856219
188667005949
3169723905
110803478961
281022827873
146735120603
16662651215
820168239
