41372213977
6783704639
65296010119
13980972097
233967493417
78361719049
147050441453
201171348253
89281569881
206127397241
91688199071
74984534937
140782572371
56507697313
207146892447
174226375363
6207595719
114398531637
12306139885
129870809431
266693891245
103128112913
24399857569
289427472067
33134808827
143772357453
294320251447
8189590395
22297079099
1911765475
94890315751
146468932235
114045587001
84731327071
4651568523
2294686277
4361764609
117216370269
496111723
67134154273
169442953027
6496702291
119840232613
140765999997
87533411741
20034300065
282951841129
35121282801
284905760749
18177869315
41670125529
75887598879
30793660651
156951419583
178708558909
250236551
20478854871
45140165319
560781441
71059422389
56163481461
188484629333
155864526299
93937810171
124534673609
7304574823
2823322073
123386934757
1623627845
280789509135
8013322557
38221678729
56614259
1410553447
26411173
35357744907
1671257303
21489491321
92964351245
77197935833
34191881835
291879076181
15644457759
226043658869
51398362251
1286678817
182754506391
9373016625
96760394885
83054670535
80796171
144318938745
250111268673
51973909799
17337624919
55605138909
81331571953
295504691499
78925962159
299583220233
216598919447
3058858621
36977728687
7707734357
25376694993
138735788843
2016617027
181955303309
82923148577
157533423315
24156019215
